Using pre-set license
Built from '2020.3/staging' branch; Version is '2020.3.21f1 (a38c86f6690f) revision 10718342'; Using compiler version '192528614'; Build Type 'Release'
OS: 'Windows 10 Home; OS build 19043.1466; Version 2009; 64bit' Language: 'en' Physical Memory: 8091 MB
BatchMode: 1, IsHumanControllingUs: 0, StartBugReporterOnCrash: 0, Is64bit: 1, IsPro: 0

COMMAND LINE ARGUMENTS:
C:\Program Files\Unity\Hub\Editor\2020.3.21f1\Editor\Unity.exe
-adb2
-batchMode
-noUpm
-name
AssetImportWorker0
-projectPath
C:/Users/brian/Documents/Unity/Project-Lylat
-logFile
Logs/AssetImportWorker0.log
-srvPort
65021
Successfully changed project path to: C:/Users/brian/Documents/Unity/Project-Lylat
C:/Users/brian/Documents/Unity/Project-Lylat
Using Asset Import Pipeline V2.
Refreshing native plugins compatible for Editor in 159.62 ms, found 2 plugins.
Preloading 0 native plugins for Editor in 0.00 ms.
Initialize engine version: 2020.3.21f1 (a38c86f6690f)
[Subsystems] Discovering subsystems at path C:/Program Files/Unity/Hub/Editor/2020.3.21f1/Editor/Data/Resources/UnitySubsystems
[Subsystems] Discovering subsystems at path C:/Users/brian/Documents/Unity/Project-Lylat/Assets
GfxDevice: creating device client; threaded=0
Direct3D:
    Version:  Direct3D 11.0 [level 11.1]
    Renderer: Intel(R) HD Graphics 515 (ID=0x191e)
    Vendor:   
    VRAM:     4045 MB
    Driver:   26.20.100.7325
Initialize mono
Mono path[0] = 'C:/Program Files/Unity/Hub/Editor/2020.3.21f1/Editor/Data/Managed'
Mono path[1] = 'C:/Program Files/Unity/Hub/Editor/2020.3.21f1/Editor/Data/MonoBleedingEdge/lib/mono/unityjit'
Mono config path = 'C:/Program Files/Unity/Hub/Editor/2020.3.21f1/Editor/Data/MonoBleedingEdge/etc'
Using monoOptions --debugger-agent=transport=dt_socket,embedding=1,server=y,suspend=n,address=127.0.0.1:56060
Begin MonoManager ReloadAssembly
Registering precompiled unity dll's ...
Register platform support module: C:/Program Files/Unity/Hub/Editor/2020.3.21f1/Editor/Data/PlaybackEngines/WindowsStandaloneSupport/UnityEditor.WindowsStandalone.Extensions.dll
Registered in 0.003535 seconds.
Native extension for WindowsStandalone target not found
Refreshing native plugins compatible for Editor in 147.19 ms, found 2 plugins.
Preloading 0 native plugins for Editor in 0.00 ms.
Mono: successfully reloaded assembly
- Completed reload, in  2.070 seconds
Domain Reload Profiling:
	ReloadAssembly (2070ms)
		BeginReloadAssembly (109ms)
			ExecutionOrderSort (0ms)
			DisableScriptedObjects (0ms)
			BackupInstance (0ms)
			ReleaseScriptingObjects (0ms)
			CreateAndSetChildDomain (1ms)
		EndReloadAssembly (972ms)
			LoadAssemblies (105ms)
			RebuildTransferFunctionScriptingTraits (0ms)
			SetupTypeCache (338ms)
			ReleaseScriptCaches (0ms)
			RebuildScriptCaches (60ms)
			SetupLoadedEditorAssemblies (381ms)
				LogAssemblyErrors (0ms)
				InitializePlatformSupportModulesInManaged (6ms)
				SetLoadedEditorAssemblies (0ms)
				RefreshPlugins (147ms)
				BeforeProcessingInitializeOnLoad (32ms)
				ProcessInitializeOnLoadAttributes (142ms)
				ProcessInitializeOnLoadMethodAttributes (52ms)
				AfterProcessingInitializeOnLoad (0ms)
				EditorAssembliesLoaded (0ms)
			ExecutionOrderSort2 (0ms)
			AwakeInstancesAfterBackupRestoration (0ms)
Platform modules already initialized, skipping
Registering precompiled user dll's ...
Registered in 0.014108 seconds.
Begin MonoManager ReloadAssembly
Native extension for WindowsStandalone target not found
Refreshing native plugins compatible for Editor in 183.20 ms, found 2 plugins.
Preloading 0 native plugins for Editor in 0.00 ms.
Mono: successfully reloaded assembly
- Completed reload, in  3.353 seconds
Domain Reload Profiling:
	ReloadAssembly (3355ms)
		BeginReloadAssembly (285ms)
			ExecutionOrderSort (0ms)
			DisableScriptedObjects (9ms)
			BackupInstance (0ms)
			ReleaseScriptingObjects (0ms)
			CreateAndSetChildDomain (34ms)
		EndReloadAssembly (2934ms)
			LoadAssemblies (190ms)
			RebuildTransferFunctionScriptingTraits (0ms)
			SetupTypeCache (674ms)
			ReleaseScriptCaches (1ms)
			RebuildScriptCaches (119ms)
			SetupLoadedEditorAssemblies (1716ms)
				LogAssemblyErrors (0ms)
				InitializePlatformSupportModulesInManaged (6ms)
				SetLoadedEditorAssemblies (0ms)
				RefreshPlugins (183ms)
				BeforeProcessingInitializeOnLoad (237ms)
				ProcessInitializeOnLoadAttributes (1255ms)
				ProcessInitializeOnLoadMethodAttributes (19ms)
				AfterProcessingInitializeOnLoad (14ms)
				EditorAssembliesLoaded (1ms)
			ExecutionOrderSort2 (0ms)
			AwakeInstancesAfterBackupRestoration (12ms)
Platform modules already initialized, skipping
========================================================================
Worker process is ready to serve import requests
Launched and connected shader compiler UnityShaderCompiler.exe after 0.10 seconds
Refreshing native plugins compatible for Editor in 1.53 ms, found 2 plugins.
Preloading 0 native plugins for Editor in 0.00 ms.
Unloading 3972 Unused Serialized files (Serialized files now loaded: 0)
System memory in use before: 194.3 MB.
System memory in use after: 194.3 MB.

Unloading 36 unused Assets to reduce memory usage. Loaded Objects now: 4439.
Total: 8.147000 ms (FindLiveObjects: 0.650300 ms CreateObjectMapping: 0.377600 ms MarkObjects: 6.508900 ms  DeleteObjects: 0.608200 ms)

AssetImportParameters requested are different than current active one (requested -> active):
  custom:framework-win-MediaFoundation: 216162199b28c13a410421893ffa2e32 -> 
  custom:video-decoder-ogg-theora: a1e56fd34408186e4bbccfd4996cb3dc -> 
  custom:container-muxer-webm: aa71ff27fc2769a1b78a27578f13a17b -> 
  custom:container-demuxer-webm: 4f35f7cbe854078d1ac9338744f61a02 -> 
  custom:container-demuxer-ogg: 62fdf1f143b41e24485cea50d1cbac27 -> 
  custom:video-encoder-webm-vp8: eb34c28f22e8b96e1ab97ce403110664 -> 
  custom:video-codec-MediaFoundation-h265: 746d11721c4dcdbdad8f713fa42b33f4 -> 
  custom:video-decoder-webm-vp8: 9c59270c3fd7afecdb556c50c9e8de78 -> 
  custom:audio-decoder-ogg-vorbis: bf7c407c2cedff20999df2af8eb42d56 -> 
  custom:audio-encoder-webm-vorbis: bf7c407c2cedff20999df2af8eb42d56 -> 
========================================================================
Received Import Request.
  path: Packages/com.unity.terrain-tools/Shaders/Visualization/LWRP/LWRP_TerrainVisualizationLit.shader
  artifactKey: Guid(0d253da60186cc04a9ca9cdc983c4463) Importer(815301076,1909f56bfc062723c751e8b465ee728b)
Start importing Packages/com.unity.terrain-tools/Shaders/Visualization/LWRP/LWRP_TerrainVisualizationLit.shader using Guid(0d253da60186cc04a9ca9cdc983c4463) Importer(815301076,1909f56bfc062723c751e8b465ee728b)  -> (artifact id: '81e61ebef3d63d03a1fd98582719fa9b') in 0.104894 seconds 
  Import took 0.115287 seconds .

========================================================================
Received Import Request.
  Time since last request: 0.000522 seconds.
  path: Packages/com.unity.settings-manager/package.json
  artifactKey: Guid(3001f7491ac66e34a9694543d9f8b1ee) Importer(815301076,1909f56bfc062723c751e8b465ee728b)
Start importing Packages/com.unity.settings-manager/package.json using Guid(3001f7491ac66e34a9694543d9f8b1ee) Importer(815301076,1909f56bfc062723c751e8b465ee728b)  -> (artifact id: '8c45eb823f90af90dab8c74e995bf9b8') in 0.124790 seconds 
  Import took 0.139498 seconds .

========================================================================
Received Import Request.
  Time since last request: 5.471009 seconds.
  path: Assets/AssetPacks/Terrain Tools/TerrainLayers
  artifactKey: Guid(8e20acebdea53ef48834fdda56653c96) Importer(815301076,1909f56bfc062723c751e8b465ee728b)
Start importing Assets/AssetPacks/Terrain Tools/TerrainLayers using Guid(8e20acebdea53ef48834fdda56653c96) Importer(815301076,1909f56bfc062723c751e8b465ee728b)  -> (artifact id: '0f5040c7f08ae02b605b843930805b24') in 0.052886 seconds 
  Import took 0.064533 seconds .

========================================================================
Received Import Request.
  Time since last request: 0.449206 seconds.
  path: Assets/AssetPacks/Terrain Tools/TerrainTextures
  artifactKey: Guid(caa608aed10c4ac40ad6a566f8b777ae) Importer(815301076,1909f56bfc062723c751e8b465ee728b)
Start importing Assets/AssetPacks/Terrain Tools/TerrainTextures using Guid(caa608aed10c4ac40ad6a566f8b777ae) Importer(815301076,1909f56bfc062723c751e8b465ee728b)  -> (artifact id: 'e2aac122f32d46133dacda8676a7c5e3') in 0.048217 seconds 
  Import took 0.060879 seconds .

========================================================================
Received Import Request.
  Time since last request: 0.066233 seconds.
  path: Assets/AssetPacks/Terrain Tools/TerrainTextures/dirt_mask.tif
  artifactKey: Guid(3c6d7b80bcc59ae448166eacd4ad79b0) Importer(815301076,1909f56bfc062723c751e8b465ee728b)
Start importing Assets/AssetPacks/Terrain Tools/TerrainTextures/dirt_mask.tif using Guid(3c6d7b80bcc59ae448166eacd4ad79b0) Importer(815301076,1909f56bfc062723c751e8b465ee728b)  -> (artifact id: 'd549500085d8dba1d94cb6973b956fa1') in 0.137091 seconds 
  Import took 0.170979 seconds .

========================================================================
Received Import Request.
  Time since last request: 0.000603 seconds.
  path: Assets/AssetPacks/Terrain Tools/TerrainTextures/sand_albedo.tif
  artifactKey: Guid(6bcc65b7c6e3a0b448d7801bfc56842f) Importer(815301076,1909f56bfc062723c751e8b465ee728b)
Start importing Assets/AssetPacks/Terrain Tools/TerrainTextures/sand_albedo.tif using Guid(6bcc65b7c6e3a0b448d7801bfc56842f) Importer(815301076,1909f56bfc062723c751e8b465ee728b)  -> (artifact id: '5ff52164e512f7fdc8f66e48c37f2a6c') in 0.096469 seconds 
  Import took 0.108208 seconds .

========================================================================
Received Import Request.
  Time since last request: 0.000435 seconds.
  path: Assets/AssetPacks/Terrain Tools/TerrainTextures/scree_albedo.tif
  artifactKey: Guid(fcd3993703e7d804bb735613d2a5189d) Importer(815301076,1909f56bfc062723c751e8b465ee728b)
Start importing Assets/AssetPacks/Terrain Tools/TerrainTextures/scree_albedo.tif using Guid(fcd3993703e7d804bb735613d2a5189d) Importer(815301076,1909f56bfc062723c751e8b465ee728b)  -> (artifact id: '5657b09c022c4dac990ebb526ac13736') in 0.080290 seconds 
  Import took 0.093838 seconds .

========================================================================
Received Import Request.
  Time since last request: 0.000477 seconds.
  path: Assets/AssetPacks/Terrain Tools/TerrainTextures/scree_mask.tif
  artifactKey: Guid(e2a486d7d86a7e8469b15e7ae4d004f0) Importer(815301076,1909f56bfc062723c751e8b465ee728b)
Start importing Assets/AssetPacks/Terrain Tools/TerrainTextures/scree_mask.tif using Guid(e2a486d7d86a7e8469b15e7ae4d004f0) Importer(815301076,1909f56bfc062723c751e8b465ee728b)  -> (artifact id: 'e0db99474c9433ec960840ff248c771d') in 0.093082 seconds 
  Import took 0.106411 seconds .

========================================================================
Received Import Request.
  Time since last request: 0.000407 seconds.
  path: Assets/AssetPacks/Terrain Tools/TerrainTextures/snow_mask.tif
  artifactKey: Guid(1a4d9960438e8f242a5155b27813efe9) Importer(815301076,1909f56bfc062723c751e8b465ee728b)
Start importing Assets/AssetPacks/Terrain Tools/TerrainTextures/snow_mask.tif using Guid(1a4d9960438e8f242a5155b27813efe9) Importer(815301076,1909f56bfc062723c751e8b465ee728b)  -> (artifact id: '37953172164c2647e90c51fab0b08fc2') in 0.078964 seconds 
  Import took 0.093260 seconds .

========================================================================
Received Import Request.
  Time since last request: 0.000442 seconds.
  path: Assets/AssetPacks/Terrain Tools/TerrainTextures/sand_mask.tif
  artifactKey: Guid(58a4a6310bd23844bae88d82f7916059) Importer(815301076,1909f56bfc062723c751e8b465ee728b)
Start importing Assets/AssetPacks/Terrain Tools/TerrainTextures/sand_mask.tif using Guid(58a4a6310bd23844bae88d82f7916059) Importer(815301076,1909f56bfc062723c751e8b465ee728b)  -> (artifact id: 'b61fbbfac5ce07afb25137f94f4138e3') in 0.082864 seconds 
  Import took 0.095320 seconds .

========================================================================
Received Import Request.
  Time since last request: 0.000404 seconds.
  path: Assets/AssetPacks/Terrain Tools/TerrainTextures/rock_mask.tif
  artifactKey: Guid(44f7e6aa71506b041ac0a60db8868a44) Importer(815301076,1909f56bfc062723c751e8b465ee728b)
Start importing Assets/AssetPacks/Terrain Tools/TerrainTextures/rock_mask.tif using Guid(44f7e6aa71506b041ac0a60db8868a44) Importer(815301076,1909f56bfc062723c751e8b465ee728b)  -> (artifact id: '8dc134e60587c5ceccaf74abd0888471') in 0.077801 seconds 
  Import took 0.090339 seconds .

========================================================================
Received Import Request.
  Time since last request: 0.000410 seconds.
  path: Assets/AssetPacks/Terrain Tools/TerrainTextures/rock_albedo.tif
  artifactKey: Guid(f7dd726c93b8f17418ea3be3f6768909) Importer(815301076,1909f56bfc062723c751e8b465ee728b)
Start importing Assets/AssetPacks/Terrain Tools/TerrainTextures/rock_albedo.tif using Guid(f7dd726c93b8f17418ea3be3f6768909) Importer(815301076,1909f56bfc062723c751e8b465ee728b)  -> (artifact id: '88e4322ad1a8595953057f22b70e8635') in 0.076708 seconds 
  Import took 0.089813 seconds .

========================================================================
Received Import Request.
  Time since last request: 0.000438 seconds.
  path: Assets/AssetPacks/Terrain Tools/TerrainTextures/moss_mask.tif
  artifactKey: Guid(ff77b812a1621e74694371cb173618ef) Importer(815301076,1909f56bfc062723c751e8b465ee728b)
Start importing Assets/AssetPacks/Terrain Tools/TerrainTextures/moss_mask.tif using Guid(ff77b812a1621e74694371cb173618ef) Importer(815301076,1909f56bfc062723c751e8b465ee728b)  -> (artifact id: 'f992e29dc25a0ec16315160c909cc535') in 0.104880 seconds 
  Import took 0.116752 seconds .

========================================================================
Received Import Request.
  Time since last request: 0.000337 seconds.
  path: Assets/AssetPacks/Terrain Tools/TerrainTextures/snow_normal.tif
  artifactKey: Guid(52f2b70b42682a145b20ea5f04fd6af1) Importer(815301076,1909f56bfc062723c751e8b465ee728b)
Start importing Assets/AssetPacks/Terrain Tools/TerrainTextures/snow_normal.tif using Guid(52f2b70b42682a145b20ea5f04fd6af1) Importer(815301076,1909f56bfc062723c751e8b465ee728b)  -> (artifact id: '2fe8eaa525a8b5ce7607baf7a3cf9fa1') in 0.144172 seconds 
  Import took 0.157406 seconds .

========================================================================
Received Import Request.
  Time since last request: 0.000579 seconds.
  path: Assets/AssetPacks/Terrain Tools/TerrainTextures/screen_normal.tif
  artifactKey: Guid(703d1f74c69fc95498dcfd0afe8e1d61) Importer(815301076,1909f56bfc062723c751e8b465ee728b)
Start importing Assets/AssetPacks/Terrain Tools/TerrainTextures/screen_normal.tif using Guid(703d1f74c69fc95498dcfd0afe8e1d61) Importer(815301076,1909f56bfc062723c751e8b465ee728b)  -> (artifact id: '522e703bb94f20478220457a77435932') in 0.093003 seconds 
  Import took 0.107083 seconds .

========================================================================
Received Import Request.
  Time since last request: 0.000428 seconds.
  path: Assets/AssetPacks/Terrain Tools/TerrainTextures/dirt_normal.tif
  artifactKey: Guid(1ff4687a05ada474ca7eaf3010a871f6) Importer(815301076,1909f56bfc062723c751e8b465ee728b)
Start importing Assets/AssetPacks/Terrain Tools/TerrainTextures/dirt_normal.tif using Guid(1ff4687a05ada474ca7eaf3010a871f6) Importer(815301076,1909f56bfc062723c751e8b465ee728b)  -> (artifact id: '79eab5a259caca35ab8ec30ba710a7d8') in 0.086974 seconds 
  Import took 0.100493 seconds .

========================================================================
Received Import Request.
  Time since last request: 0.000418 seconds.
  path: Assets/AssetPacks/Terrain Tools/TerrainTextures/moss_normal.tif
  artifactKey: Guid(67a70a78d678fb649b5c703cd7dc85c1) Importer(815301076,1909f56bfc062723c751e8b465ee728b)
Start importing Assets/AssetPacks/Terrain Tools/TerrainTextures/moss_normal.tif using Guid(67a70a78d678fb649b5c703cd7dc85c1) Importer(815301076,1909f56bfc062723c751e8b465ee728b)  -> (artifact id: '49ddb4b1320059f3ada81356ef88bb69') in 0.085890 seconds 
  Import took 0.100659 seconds .

========================================================================
Received Import Request.
  Time since last request: 0.000588 seconds.
  path: Assets/AssetPacks/Terrain Tools/TerrainTextures/moss_albedo.tif
  artifactKey: Guid(43b54d39e0a4c4d47bef645abec127f1) Importer(815301076,1909f56bfc062723c751e8b465ee728b)
Start importing Assets/AssetPacks/Terrain Tools/TerrainTextures/moss_albedo.tif using Guid(43b54d39e0a4c4d47bef645abec127f1) Importer(815301076,1909f56bfc062723c751e8b465ee728b)  -> (artifact id: 'bf38a804b492a1ddade3aaefdf563a26') in 0.095717 seconds 
  Import took 0.264588 seconds .

========================================================================
Received Import Request.
  Time since last request: 0.000470 seconds.
  path: Assets/AssetPacks/Terrain Tools/TerrainTextures/rock_normal.tif
  artifactKey: Guid(f45c3bd09301cc64783afc31dfca026b) Importer(815301076,1909f56bfc062723c751e8b465ee728b)
Start importing Assets/AssetPacks/Terrain Tools/TerrainTextures/rock_normal.tif using Guid(f45c3bd09301cc64783afc31dfca026b) Importer(815301076,1909f56bfc062723c751e8b465ee728b)  -> (artifact id: '1047f0ad7d860f65026f6fe1864dcab3') in 0.084426 seconds 
  Import took 0.097663 seconds .

========================================================================
Received Import Request.
  Time since last request: 0.000546 seconds.
  path: Assets/AssetPacks/Terrain Tools/TerrainTextures/sand_normal.tif
  artifactKey: Guid(dd1ad706663683546b665fd5b0286bbd) Importer(815301076,1909f56bfc062723c751e8b465ee728b)
Start importing Assets/AssetPacks/Terrain Tools/TerrainTextures/sand_normal.tif using Guid(dd1ad706663683546b665fd5b0286bbd) Importer(815301076,1909f56bfc062723c751e8b465ee728b)  -> (artifact id: 'de67cbd69055d87e8e2a0da13ccd1b00') in 0.088828 seconds 
  Import took 0.104202 seconds .

========================================================================
Received Import Request.
  Time since last request: 0.000384 seconds.
  path: Assets/AssetPacks/Terrain Tools/TerrainTextures/snow_albedo.tif
  artifactKey: Guid(0cc0777f7d4a3444380eb084d74396b5) Importer(815301076,1909f56bfc062723c751e8b465ee728b)
Start importing Assets/AssetPacks/Terrain Tools/TerrainTextures/snow_albedo.tif using Guid(0cc0777f7d4a3444380eb084d74396b5) Importer(815301076,1909f56bfc062723c751e8b465ee728b)  -> (artifact id: '7553520f13ebda86ef6db76a11aa5941') in 0.078206 seconds 
  Import took 0.090763 seconds .

========================================================================
Received Import Request.
  Time since last request: 141.990958 seconds.
  path: Assets/Materials/SphereGlow.mat
  artifactKey: Guid(f1828bf81e0242c40a73cbf9e4a94232) Importer(815301076,1909f56bfc062723c751e8b465ee728b)
Start importing Assets/Materials/SphereGlow.mat using Guid(f1828bf81e0242c40a73cbf9e4a94232) Importer(815301076,1909f56bfc062723c751e8b465ee728b)  -> (artifact id: '6d1e9c7b849df28e913c57bb981d859e') in 0.162499 seconds 
  Import took 0.177062 seconds .

========================================================================
Received Import Request.
  Time since last request: 150.704954 seconds.
  path: Assets/Resources/Prefabs/Player/ChargedShot/rgedShotShader.prefab
  artifactKey: Guid(dd0d7fbe14a33814dbb605dec897eb44) Importer(815301076,1909f56bfc062723c751e8b465ee728b)
Start importing Assets/Resources/Prefabs/Player/ChargedShot/rgedShotShader.prefab using Guid(dd0d7fbe14a33814dbb605dec897eb44) Importer(815301076,1909f56bfc062723c751e8b465ee728b)  -> (artifact id: 'bb591fcf679c0b3b02495ba81bc0ea5e') in 0.140926 seconds 
  Import took 0.159960 seconds .

========================================================================
Received Import Request.
  Time since last request: 12.143124 seconds.
  path: Assets/Resources/Prefabs/Player/ChargedShot/ChargedShotShader.prefab
  artifactKey: Guid(dd0d7fbe14a33814dbb605dec897eb44) Importer(815301076,1909f56bfc062723c751e8b465ee728b)
Start importing Assets/Resources/Prefabs/Player/ChargedShot/ChargedShotShader.prefab using Guid(dd0d7fbe14a33814dbb605dec897eb44) Importer(815301076,1909f56bfc062723c751e8b465ee728b)  -> (artifact id: '0bb7454e3aa644cca9c8f1138d548822') in 0.091973 seconds 
  Import took 0.109916 seconds .

========================================================================
Received Import Request.
  Time since last request: 5.763310 seconds.
  path: Assets/Resources/Prefabs/Player/ChargedShot/ChargedShotShader.prefab
  artifactKey: Guid(dd0d7fbe14a33814dbb605dec897eb44) Importer(815301076,1909f56bfc062723c751e8b465ee728b)
Start importing Assets/Resources/Prefabs/Player/ChargedShot/ChargedShotShader.prefab using Guid(dd0d7fbe14a33814dbb605dec897eb44) Importer(815301076,1909f56bfc062723c751e8b465ee728b)  -> (artifact id: 'd24c2787bb51d79f62caca1ea1dab1e3') in 0.077485 seconds 
  Import took 0.094869 seconds .

========================================================================
Received Import Request.
  Time since last request: 1.601675 seconds.
  path: Assets/Resources/Prefabs/Player/ChargedShot/ChargedShotShader.prefab
  artifactKey: Guid(dd0d7fbe14a33814dbb605dec897eb44) Importer(815301076,1909f56bfc062723c751e8b465ee728b)
Start importing Assets/Resources/Prefabs/Player/ChargedShot/ChargedShotShader.prefab using Guid(dd0d7fbe14a33814dbb605dec897eb44) Importer(815301076,1909f56bfc062723c751e8b465ee728b)  -> (artifact id: '237753f298460d405cf016ba039412e8') in 0.081222 seconds 
  Import took 0.096595 seconds .

========================================================================
Received Import Request.
  Time since last request: 195.545611 seconds.
  path: Assets/Materials/SphereGlow.mat
  artifactKey: Guid(f1828bf81e0242c40a73cbf9e4a94232) Importer(815301076,1909f56bfc062723c751e8b465ee728b)
Start importing Assets/Materials/SphereGlow.mat using Guid(f1828bf81e0242c40a73cbf9e4a94232) Importer(815301076,1909f56bfc062723c751e8b465ee728b)  -> (artifact id: 'c143ae3ebe4d0fdbff3d07c124367926') in 0.092925 seconds 
  Import took 0.110557 seconds .

========================================================================
Received Import Request.
  Time since last request: 133.864650 seconds.
  path: Packages/com.unity.render-pipelines.universal/package.json
  artifactKey: Guid(30648b8d550465f4bb77f1e1afd0b37d) Importer(815301076,1909f56bfc062723c751e8b465ee728b)
Start importing Packages/com.unity.render-pipelines.universal/package.json using Guid(30648b8d550465f4bb77f1e1afd0b37d) Importer(815301076,1909f56bfc062723c751e8b465ee728b)  -> (artifact id: '9867a89fdbe6e82954e7b5dafd44af38') in 0.063198 seconds 
  Import took 0.076334 seconds .

========================================================================
Received Import Request.
  Time since last request: 2.188391 seconds.
  path: Packages/com.unity.render-pipelines.universal/Shaders
  artifactKey: Guid(248877dd7078443d6b51abf21ee7d52a) Importer(815301076,1909f56bfc062723c751e8b465ee728b)
Start importing Packages/com.unity.render-pipelines.universal/Shaders using Guid(248877dd7078443d6b51abf21ee7d52a) Importer(815301076,1909f56bfc062723c751e8b465ee728b)  -> (artifact id: '3b7a697168cf54701af126bf7b1117a5') in 0.048040 seconds 
  Import took 0.069518 seconds .

========================================================================
Received Import Request.
  Time since last request: 2.390090 seconds.
  path: Packages/com.unity.render-pipelines.universal/Shaders/Unity.RenderPipelines.Universal.Shaders.asmdef
  artifactKey: Guid(b4517ec124862cb4bb3b8b27d72843a6) Importer(815301076,1909f56bfc062723c751e8b465ee728b)
Start importing Packages/com.unity.render-pipelines.universal/Shaders/Unity.RenderPipelines.Universal.Shaders.asmdef using Guid(b4517ec124862cb4bb3b8b27d72843a6) Importer(815301076,1909f56bfc062723c751e8b465ee728b)  -> (artifact id: '6dcf4ccd8f62beca0655b25cff49bc89') in 0.054229 seconds 
  Import took 0.069073 seconds .

========================================================================
Received Import Request.
  Time since last request: 2.320085 seconds.
  path: Packages/com.unity.render-pipelines.universal/Shaders/Nature
  artifactKey: Guid(4cbffddcbed277c40a97feee7c42e857) Importer(815301076,1909f56bfc062723c751e8b465ee728b)
Start importing Packages/com.unity.render-pipelines.universal/Shaders/Nature using Guid(4cbffddcbed277c40a97feee7c42e857) Importer(815301076,1909f56bfc062723c751e8b465ee728b)  -> (artifact id: '17b185ec76b787cfec63bb7035d77540') in 0.056607 seconds 
  Import took 0.071196 seconds .

========================================================================
Received Import Request.
  Time since last request: 1.320715 seconds.
  path: Packages/com.unity.render-pipelines.universal/Shaders/Nature/SpeedTree7Billboard.shader
  artifactKey: Guid(5ec81c81908db34429b4f6ddecadd3bd) Importer(815301076,1909f56bfc062723c751e8b465ee728b)
Start importing Packages/com.unity.render-pipelines.universal/Shaders/Nature/SpeedTree7Billboard.shader using Guid(5ec81c81908db34429b4f6ddecadd3bd) Importer(815301076,1909f56bfc062723c751e8b465ee728b)  -> (artifact id: '13c70844e7b09519772825a418e725eb') in 0.070831 seconds 
  Import took 0.087270 seconds .

========================================================================
Received Import Request.
  Time since last request: 11.602021 seconds.
  path: Assets/URP
  artifactKey: Guid(5928483d1199344469a595849d438ed0) Importer(815301076,1909f56bfc062723c751e8b465ee728b)
Start importing Assets/URP using Guid(5928483d1199344469a595849d438ed0) Importer(815301076,1909f56bfc062723c751e8b465ee728b)  -> (artifact id: 'ccb90d78dd235d30427ec030540c098f') in 0.062279 seconds 
  Import took 0.082556 seconds .

========================================================================
Received Import Request.
  Time since last request: 47.118179 seconds.
  path: Assets/URP/UniversalRenderPipelineAsset.asset
  artifactKey: Guid(d9f22ce7160f1394486ed7312a533474) Importer(815301076,1909f56bfc062723c751e8b465ee728b)
Start importing Assets/URP/UniversalRenderPipelineAsset.asset using Guid(d9f22ce7160f1394486ed7312a533474) Importer(815301076,1909f56bfc062723c751e8b465ee728b)  -> (artifact id: 'ea03490d4dd7d1ebf6c59a87f2e43753') in 0.208427 seconds 
  Import took 0.225381 seconds .

========================================================================
Received Import Request.
  Time since last request: 0.000423 seconds.
  path: Assets/URP/UniversalRenderPipelineAsset_Renderer.asset
  artifactKey: Guid(daa53ff3b1d42f340a7e28cb26f0ceff) Importer(815301076,1909f56bfc062723c751e8b465ee728b)
Start importing Assets/URP/UniversalRenderPipelineAsset_Renderer.asset using Guid(daa53ff3b1d42f340a7e28cb26f0ceff) Importer(815301076,1909f56bfc062723c751e8b465ee728b)  -> (artifact id: '38d600a507625b877811aee33d883c8a') in 0.105454 seconds 
  Import took 0.121001 seconds .

========================================================================
Received Import Request.
  Time since last request: 306.995772 seconds.
  path: Assets/URP/UniversalRenderPipelineAsset_Renderer.asset
  artifactKey: Guid(daa53ff3b1d42f340a7e28cb26f0ceff) Importer(815301076,1909f56bfc062723c751e8b465ee728b)
Start importing Assets/URP/UniversalRenderPipelineAsset_Renderer.asset using Guid(daa53ff3b1d42f340a7e28cb26f0ceff) Importer(815301076,1909f56bfc062723c751e8b465ee728b)  -> (artifact id: '5249e375ceb29f1a221486bb9c230259') in 0.212860 seconds 
  Import took 0.230848 seconds .

AssetImportWorkerClient::OnTransportError - code=2 error=End of file
